Vivado Simulator 2018.3
Time resolution is 1 ps
HELLO!
011000000000000000000000
011000100001010000000000
011000011010100000000000
000000100000000000000111
001100001000110000000100
011000010001000000000000
001000001000010000000010
001000001000010000000011
001000001000010000000100
111000000000000000000000
GOOD BUY!
011000000000000000000000
011000000000000000000000
011000100001010000000000
011000100001010000000000
011000011010100000000000
011000011010100000000000
000000100000000000000111
000000100000000000000111
001100001000110000000100
001100001000110000000100
011000010001000000000000
011000010001000000000000
001000001000010000000010
001000001000010000000010
001000001000010000000011
001000001000010000000011
001000001000010000000100
001000001000010000000100
111000000000000000000000
111000000000000000000000
111000000000000000000000
111000000000000000000000
111000000000000000000000
111000000000000000000000
111000000000000000000000
111000000000000000000000
111000000000000000000000
111000000000000000000000
111000000000000000000000
111000000000000000000000
111000000000000000000000
111000000000000000000000
111000000000000000000000
111000000000000000000000
111000000000000000000000
111000000000000000000000
111000000000000000000000
111000000000000000000000
111000000000000000000000
111000000000000000000000
111000000000000000000000
111000000000000000000000
$finish called at time : 640 ns : File "C:/Programming/schemotechnika/project_3/project_3.srcs/sim_1/new/memory_tb.sv" Line 38
